
> nextn@0.1.0 dev
> next dev --turbopack -p 9002

   ▲ Next.js 15.5.9 (Turbopack)
   - Local:        http://localhost:9002
   - Network:      http://192.168.0.2:9002

 ✓ Starting...
 ✓ Ready in 4.6s
 ⚠ Webpack is configured while Turbopack is not, which may cause problems.
 ⚠ See instructions if you need to configure Turbopack:
  https://nextjs.org/docs/app/api-reference/next-config-js/turbopack

 ○ Compiling / ...
 ✓ Compiled / in 9.1s
 GET / 200 in 10233ms
 GET / 200 in 329ms
 ○ Compiling /onboarding/theme ...
 ✓ Compiled /onboarding/theme in 727ms
 GET /onboarding/theme 200 in 840ms
 ○ Compiling /onboarding/terms ...
 ✓ Compiled /onboarding/terms in 625ms
 GET /onboarding/terms 200 in 719ms
 ○ Compiling /onboarding/hello ...
 ✓ Compiled /onboarding/hello in 591ms
 GET /onboarding/hello 200 in 701ms
 ○ Compiling /onboarding/name ...
 ✓ Compiled /onboarding/name in 565ms
 GET /onboarding/name 200 in 677ms
 ○ Compiling /onboarding/dob ...
 ✓ Compiled /onboarding/dob in 603ms
 GET /onboarding/dob 200 in 706ms
 ○ Compiling /onboarding/address ...
 ✓ Compiled /onboarding/address in 656ms
 GET /onboarding/address 200 in 751ms
 ○ Compiling /onboarding/telephone ...
 ✓ Compiled /onboarding/telephone in 599ms
 GET /onboarding/telephone 200 in 726ms
 ○ Compiling /onboarding/gp ...
 ✓ Compiled /onboarding/gp in 556ms
 GET /onboarding/gp 200 in 655ms
 ○ Compiling /onboarding/translator ...
 ✓ Compiled /onboarding/translator in 579ms
 GET /onboarding/translator 200 in 680ms
 ○ Compiling /onboarding/security ...
 ✓ Compiled /onboarding/security in 584ms
 GET /onboarding/security 200 in 688ms
 GET / 200 in 170ms
 GET / 200 in 176ms
 GET /onboarding/theme 200 in 139ms
 GET /onboarding/terms 200 in 135ms
 GET /onboarding/hello 200 in 121ms
 GET /onboarding/name 200 in 109ms
 GET /onboarding/dob 200 in 105ms
 GET /onboarding/address 200 in 125ms
 GET /onboarding/telephone 200 in 115ms
 GET /onboarding/gp 200 in 194ms
 GET /onboarding/translator 200 in 106ms
 GET /onboarding/security 200 in 131ms
 ✓ Compiled /onboarding/done in 498ms
 GET /onboarding/done 200 in 596ms
 ✓ Compiled in 633ms
